This is pdfTeX, Version 3.141592-1.40.4 (MiKTeX 2.7) (preloaded format=pdflatex 2008.4.22)  2 DEC 2008 18:03
entering extended mode
**E:/Dokumenter/Skole/Romteknologi/Eksamenslesing/Sammendrag.tex
(E:/Dokumenter/Skole/Romteknologi/Eksamenslesing/Sammendrag.tex
LaTeX2e <2005/12/01>
Babel <v3.8h> and hyphenation patterns for english, dumylang, nohyphenation, ge
rman, ngerman, french, loaded.
("C:\Programfiler\MiKTeX 2.7\tex\latex\base\article.cls"
Document Class: article 2005/09/16 v1.4f Standard LaTeX document class
("C:\Programfiler\MiKTeX 2.7\tex\latex\base\size10.clo"
File: size10.clo 2005/09/16 v1.4f Standard LaTeX file (size option)
)
\c@part=\count79
\c@section=\count80
\c@subsection=\count81
\c@subsubsection=\count82
\c@paragraph=\count83
\c@subparagraph=\count84
\c@figure=\count85
\c@table=\count86
\abovecaptionskip=\skip41
\belowcaptionskip=\skip42
\bibindent=\dimen102
)
("C:\Programfiler\MiKTeX 2.7\tex\latex\base\inputenc.sty"
Package: inputenc 2006/05/05 v1.1b Input encoding file
\inpenc@prehook=\toks14
\inpenc@posthook=\toks15

("C:\Programfiler\MiKTeX 2.7\tex\latex\base\latin1.def"
File: latin1.def 2006/05/05 v1.1b Input encoding file
))
("C:\Programfiler\MiKTeX 2.7\tex\latex\base\fontenc.sty"
Package: fontenc 2005/09/27 v1.99g Standard LaTeX package

("C:\Programfiler\MiKTeX 2.7\tex\latex\base\t1enc.def"
File: t1enc.def 2005/09/27 v1.99g Standard LaTeX file
LaTeX Font Info:    Redeclaring font encoding T1 on input line 43.
))
("C:\Programfiler\MiKTeX 2.7\tex\generic\babel\babel.sty"
Package: babel 2005/11/23 v3.8h The Babel package

*************************************
* Local config file bblopts.cfg used
*
("C:\Programfiler\MiKTeX 2.7\tex\latex\00miktex\bblopts.cfg"
File: bblopts.cfg 2006/07/31 v1.0 MiKTeX 'babel' configuration
)
("C:\Programfiler\MiKTeX 2.7\tex\generic\babel\norsk.ldf"
Language: norsk 2005/03/30 v2.0h Norsk support from the babel system

("C:\Programfiler\MiKTeX 2.7\tex\generic\babel\babel.def"
File: babel.def 2005/11/23 v3.8h Babel common definitions
\babel@savecnt=\count87
\U@D=\dimen103
)

Package babel Warning: No hyphenation patterns were loaded for
(babel)                the language `Norsk'
(babel)                I will use the patterns loaded for \language=0 instead.

\l@norsk = a dialect from \language0
Package babel Info: Making " an active character on input line 113.
)) ("C:\Programfiler\MiKTeX 2.7\tex\latex\base\textcomp.sty"
Package: textcomp 2005/09/27 v1.99g Standard LaTeX package
Package textcomp Info: Sub-encoding information:
(textcomp)               5 = only ISO-Adobe without \textcurrency
(textcomp)               4 = 5 + \texteuro
(textcomp)               3 = 4 + \textohm
(textcomp)               2 = 3 + \textestimated + \textcurrency
(textcomp)               1 = TS1 - \textcircled - \t
(textcomp)               0 = TS1 (full)
(textcomp)             Font families with sub-encoding setting implement
(textcomp)             only a restricted character set as indicated.
(textcomp)             Family '?' is the default used for unknown fonts.
(textcomp)             See the documentation for details.
Package textcomp Info: Setting ? sub-encoding to TS1/1 on input line 71.

("C:\Programfiler\MiKTeX 2.7\tex\latex\base\ts1enc.def"
File: ts1enc.def 2001/06/05 v3.0e (jk/car/fm) Standard LaTeX file
)
LaTeX Info: Redefining \oldstylenums on input line 266.
Package textcomp Info: Setting cmr sub-encoding to TS1/0 on input line 281.
Package textcomp Info: Setting cmss sub-encoding to TS1/0 on input line 282.
Package textcomp Info: Setting cmtt sub-encoding to TS1/0 on input line 283.
Package textcomp Info: Setting cmvtt sub-encoding to TS1/0 on input line 284.
Package textcomp Info: Setting cmbr sub-encoding to TS1/0 on input line 285.
Package textcomp Info: Setting cmtl sub-encoding to TS1/0 on input line 286.
Package textcomp Info: Setting ccr sub-encoding to TS1/0 on input line 287.
Package textcomp Info: Setting ptm sub-encoding to TS1/4 on input line 288.
Package textcomp Info: Setting pcr sub-encoding to TS1/4 on input line 289.
Package textcomp Info: Setting phv sub-encoding to TS1/4 on input line 290.
Package textcomp Info: Setting ppl sub-encoding to TS1/3 on input line 291.
Package textcomp Info: Setting pag sub-encoding to TS1/4 on input line 292.
Package textcomp Info: Setting pbk sub-encoding to TS1/4 on input line 293.
Package textcomp Info: Setting pnc sub-encoding to TS1/4 on input line 294.
Package textcomp Info: Setting pzc sub-encoding to TS1/4 on input line 295.
Package textcomp Info: Setting bch sub-encoding to TS1/4 on input line 296.
Package textcomp Info: Setting put sub-encoding to TS1/5 on input line 297.
Package textcomp Info: Setting uag sub-encoding to TS1/5 on input line 298.
Package textcomp Info: Setting ugq sub-encoding to TS1/5 on input line 299.
Package textcomp Info: Setting ul8 sub-encoding to TS1/4 on input line 300.
Package textcomp Info: Setting ul9 sub-encoding to TS1/4 on input line 301.
Package textcomp Info: Setting augie sub-encoding to TS1/5 on input line 302.
Package textcomp Info: Setting dayrom sub-encoding to TS1/3 on input line 303.
Package textcomp Info: Setting dayroms sub-encoding to TS1/3 on input line 304.

Package textcomp Info: Setting pxr sub-encoding to TS1/0 on input line 305.
Package textcomp Info: Setting pxss sub-encoding to TS1/0 on input line 306.
Package textcomp Info: Setting pxtt sub-encoding to TS1/0 on input line 307.
Package textcomp Info: Setting txr sub-encoding to TS1/0 on input line 308.
Package textcomp Info: Setting txss sub-encoding to TS1/0 on input line 309.
Package textcomp Info: Setting txtt sub-encoding to TS1/0 on input line 310.
Package textcomp Info: Setting futs sub-encoding to TS1/4 on input line 311.
Package textcomp Info: Setting futx sub-encoding to TS1/4 on input line 312.
Package textcomp Info: Setting futj sub-encoding to TS1/4 on input line 313.
Package textcomp Info: Setting hlh sub-encoding to TS1/3 on input line 314.
Package textcomp Info: Setting hls sub-encoding to TS1/3 on input line 315.
Package textcomp Info: Setting hlst sub-encoding to TS1/3 on input line 316.
Package textcomp Info: Setting hlct sub-encoding to TS1/5 on input line 317.
Package textcomp Info: Setting hlx sub-encoding to TS1/5 on input line 318.
Package textcomp Info: Setting hlce sub-encoding to TS1/5 on input line 319.
Package textcomp Info: Setting hlcn sub-encoding to TS1/5 on input line 320.
Package textcomp Info: Setting hlcw sub-encoding to TS1/5 on input line 321.
Package textcomp Info: Setting hlcf sub-encoding to TS1/5 on input line 322.
Package textcomp Info: Setting pplx sub-encoding to TS1/3 on input line 323.
Package textcomp Info: Setting pplj sub-encoding to TS1/3 on input line 324.
Package textcomp Info: Setting ptmx sub-encoding to TS1/4 on input line 325.
Package textcomp Info: Setting ptmj sub-encoding to TS1/4 on input line 326.
)
("C:\Programfiler\MiKTeX 2.7\tex\latex\graphics\graphicx.sty"
Package: graphicx 1999/02/16 v1.0f Enhanced LaTeX Graphics (DPC,SPQR)

("C:\Programfiler\MiKTeX 2.7\tex\latex\graphics\keyval.sty"
Package: keyval 1999/03/16 v1.13 key=value parser (DPC)
\KV@toks@=\toks16
)
("C:\Programfiler\MiKTeX 2.7\tex\latex\graphics\graphics.sty"
Package: graphics 2006/02/20 v1.0o Standard LaTeX Graphics (DPC,SPQR)

("C:\Programfiler\MiKTeX 2.7\tex\latex\graphics\trig.sty"
Package: trig 1999/03/16 v1.09 sin cos tan (DPC)
)
("C:\Programfiler\MiKTeX 2.7\tex\latex\00miktex\graphics.cfg"
File: graphics.cfg 2007/01/18 v1.5 graphics configuration of teTeX/TeXLive
)
Package graphics Info: Driver file: pdftex.def on input line 90.

("C:\Programfiler\MiKTeX 2.7\tex\latex\graphics\pdftex.def"
File: pdftex.def 2007/06/12 v0.04h Graphics/color for pdfTeX
\Gread@gobject=\count88
))
\Gin@req@height=\dimen104
\Gin@req@width=\dimen105
)
("C:\Programfiler\MiKTeX 2.7\tex\latex\amsmath\amsmath.sty"
Package: amsmath 2000/07/18 v2.13 AMS math features
\@mathmargin=\skip43

For additional information on amsmath, use the `?' option.
("C:\Programfiler\MiKTeX 2.7\tex\latex\amsmath\amstext.sty"
Package: amstext 2000/06/29 v2.01

("C:\Programfiler\MiKTeX 2.7\tex\latex\amsmath\amsgen.sty"
File: amsgen.sty 1999/11/30 v2.0
\@emptytoks=\toks17
\ex@=\dimen106
))
("C:\Programfiler\MiKTeX 2.7\tex\latex\amsmath\amsbsy.sty"
Package: amsbsy 1999/11/29 v1.2d
\pmbraise@=\dimen107
)
("C:\Programfiler\MiKTeX 2.7\tex\latex\amsmath\amsopn.sty"
Package: amsopn 1999/12/14 v2.01 operator names
)
\inf@bad=\count89
LaTeX Info: Redefining \frac on input line 211.
\uproot@=\count90
\leftroot@=\count91
LaTeX Info: Redefining \overline on input line 307.
\classnum@=\count92
\DOTSCASE@=\count93
LaTeX Info: Redefining \ldots on input line 379.
LaTeX Info: Redefining \dots on input line 382.
LaTeX Info: Redefining \cdots on input line 467.
\Mathstrutbox@=\box26
\strutbox@=\box27
\big@size=\dimen108
LaTeX Font Info:    Redeclaring font encoding OML on input line 567.
LaTeX Font Info:    Redeclaring font encoding OMS on input line 568.
\macc@depth=\count94
\c@MaxMatrixCols=\count95
\dotsspace@=\muskip10
\c@parentequation=\count96
\dspbrk@lvl=\count97
\tag@help=\toks18
\row@=\count98
\column@=\count99
\maxfields@=\count100
\andhelp@=\toks19
\eqnshift@=\dimen109
\alignsep@=\dimen110
\tagshift@=\dimen111
\tagwidth@=\dimen112
\totwidth@=\dimen113
\lineht@=\dimen114
\@envbody=\toks20
\multlinegap=\skip44
\multlinetaggap=\skip45
\mathdisplay@stack=\toks21
LaTeX Info: Redefining \[ on input line 2666.
LaTeX Info: Redefining \] on input line 2667.
) (Sammendrag.aux)
LaTeX Font Info:    Checking defaults for OML/cmm/m/it on input line 10.
LaTeX Font Info:    ... okay on input line 10.
LaTeX Font Info:    Checking defaults for T1/cmr/m/n on input line 10.
LaTeX Font Info:    ... okay on input line 10.
LaTeX Font Info:    Checking defaults for OT1/cmr/m/n on input line 10.
LaTeX Font Info:    ... okay on input line 10.
LaTeX Font Info:    Checking defaults for OMS/cmsy/m/n on input line 10.
LaTeX Font Info:    ... okay on input line 10.
LaTeX Font Info:    Checking defaults for OMX/cmex/m/n on input line 10.
LaTeX Font Info:    ... okay on input line 10.
LaTeX Font Info:    Checking defaults for U/cmr/m/n on input line 10.
LaTeX Font Info:    ... okay on input line 10.
LaTeX Font Info:    Checking defaults for TS1/cmr/m/n on input line 10.
LaTeX Font Info:    Try loading font information for TS1+cmr on input line 10.

("C:\Programfiler\MiKTeX 2.7\tex\latex\base\ts1cmr.fd"
File: ts1cmr.fd 1999/05/25 v2.5h Standard LaTeX font definitions
)
LaTeX Font Info:    ... okay on input line 10.

("C:\Programfiler\MiKTeX 2.7\tex\context\base\supp-pdf.tex"
[Loading MPS to PDF converter (version 2006.09.02).]
\scratchcounter=\count101
\scratchdimen=\dimen115
\scratchbox=\box28
\nofMPsegments=\count102
\nofMParguments=\count103
\MPscratchCnt=\count104
\MPscratchDim=\dimen116
\MPnumerator=\count105
\everyMPtoPDFconversion=\toks22
)
Underfull \hbox (badness 10000) in paragraph at lines 15--18

 []


Underfull \hbox (badness 10000) in paragraph at lines 24--24
[]\T1/cmr/m/n/7 Sum of com-bus-tion
 []


Underfull \hbox (badness 10000) in paragraph at lines 24--26

 []


Overfull \hbox (25.1325pt too wide) in paragraph at lines 42--43
[][] 
 []


Overfull \hbox (6.79999pt too wide) in paragraph at lines 52--53
[] 
 []

[1

{C:/Documents and Settings/All Users/Programdata/MiKTeX/2.7/pdftex/config/pdfte
x.map}]

LaTeX Warning: \oval, \circle, or \line size unavailable on input line 77.


LaTeX Warning: \oval, \circle, or \line size unavailable on input line 95.


LaTeX Warning: \oval, \circle, or \line size unavailable on input line 97.


LaTeX Warning: \oval, \circle, or \line size unavailable on input line 99.


Underfull \hbox (badness 10000) in paragraph at lines 102--105

 []

[2]
Underfull \hbox (badness 10000) in paragraph at lines 154--155

 []


Underfull \hbox (badness 10000) in paragraph at lines 156--157

 []

[3]

LaTeX Warning: \oval, \circle, or \line size unavailable on input line 179.


LaTeX Warning: \oval, \circle, or \line size unavailable on input line 188.


Underfull \hbox (badness 10000) in paragraph at lines 194--195

 []


Underfull \hbox (badness 10000) in paragraph at lines 196--197

 []


LaTeX Warning: \oval, \circle, or \line size unavailable on input line 231.


LaTeX Warning: \oval, \circle, or \line size unavailable on input line 234.


LaTeX Warning: \oval, \circle, or \line size unavailable on input line 243.


Overfull \hbox (19.19336pt too wide) in paragraph at lines 295--296
[] 
 []

[4]

LaTeX Warning: \oval, \circle, or \line size unavailable on input line 327.


LaTeX Warning: \oval, \circle, or \line size unavailable on input line 331.


LaTeX Warning: \oval, \circle, or \line size unavailable on input line 333.


LaTeX Warning: \oval, \circle, or \line size unavailable on input line 401.

[5] (Sammendrag.aux) ) 
Here is how much of TeX's memory you used:
 2526 strings out of 95340
 29878 string characters out of 1184192
 101442 words of memory out of 1500000
 5705 multiletter control sequences out of 110000
 16293 words of font info for 40 fonts, out of 1200000 for 2000
 14 hyphenation exceptions out of 8191
 29i,18n,24p,274b,294s stack positions out of 5000i,500n,10000p,200000b,5000s
 <C:\Documents and Settings\All Users\Programdata\MiKTeX\
2.7\fonts\pk\ljfour\jknappen\ec\dpi600\tcrm1000.pk> <C:\Documents and Settings\
All Users\Programdata\MiKTeX\2.7\fonts\pk\ljfour\jknappen\ec\dpi600\ecrm0800.pk
> <C:\Documents and Settings\All Users\Programdata\MiKTeX\2.7\fonts\pk\ljfour\j
knappen\ec\dpi600\ecrm0700.pk> <C:\Documents and Settings\All Users\Programdata
\MiKTeX\2.7\fonts\pk\ljfour\jknappen\ec\dpi600\ecbx1000.pk> <C:\Documents and S
ettings\All Users\Programdata\MiKTeX\2.7\fonts\pk\ljfour\jknappen\ec\dpi600\ecr
m1000.pk> <C:\Documents and Settings\All Users\Programdata\MiKTeX\2.7\fonts\pk\
ljfour\jknappen\ec\dpi600\ecbx1200.pk> <C:\Documents and Settings\All Users\Pro
gramdata\MiKTeX\2.7\fonts\pk\ljfour\jknappen\ec\dpi600\ecbx1440.pk> <C:\Documen
ts and Settings\All Users\Programdata\MiKTeX\2.7\fonts\pk\ljfour\jknappen\ec\dp
i600\ecrm1200.pk> <C:\Documents and Settings\All Users\Programdata\MiKTeX\2.7\f
onts\pk\ljfour\jknappen\ec\dpi600\ecrm1728.pk><C:/Programfiler/MiKTeX 2.7/fonts
/type1/bluesky/cm/cmex10.pfb><C:/Programfiler/MiKTeX 2.7/fonts/type1/bluesky/cm
/cmmi10.pfb><C:/Programfiler/MiKTeX 2.7/fonts/type1/bluesky/cm/cmmi5.pfb><C:/Pr
ogramfiler/MiKTeX 2.7/fonts/type1/bluesky/cm/cmmi7.pfb><C:/Programfiler/MiKTeX 
2.7/fonts/type1/bluesky/cm/cmr10.pfb><C:/Programfiler/MiKTeX 2.7/fonts/type1/bl
uesky/cm/cmr5.pfb><C:/Programfiler/MiKTeX 2.7/fonts/type1/bluesky/cm/cmr7.pfb><
C:/Programfiler/MiKTeX 2.7/fonts/type1/bluesky/cm/cmsy10.pfb><C:/Programfiler/M
iKTeX 2.7/fonts/type1/bluesky/cm/cmsy5.pfb><C:/Programfiler/MiKTeX 2.7/fonts/ty
pe1/bluesky/cm/cmsy6.pfb><C:/Programfiler/MiKTeX 2.7/fonts/type1/bluesky/cm/cms
y7.pfb><C:/Programfiler/MiKTeX 2.7/fonts/type1/bluesky/cm/cmsy8.pfb><C:/Program
filer/MiKTeX 2.7/fonts/type1/bluesky/latex-fonts/line10.pfb>
Output written on Sammendrag.pdf (5 pages, 163207 bytes).
PDF statistics:
 350 PDF objects out of 1000 (max. 8388607)
 0 named destinations out of 1000 (max. 131072)
 1 words of extra memory for PDF output out of 10000 (max. 10000000)

